<?xml version="1.0" encoding="UTF-8" ?>
<testsuite errors="0" failures="0" hostname="pc-sad" name="com.macro.TokenizerTest" skipped="0" tests="7" time="0.083" timestamp="2016-01-19T14:39:08">
  <properties>
[...]
</properties>
  <testcase classname="com.macro.TokenizerTest" name="testStringWithEscaping" time="0.003" />
  <testcase classname="com.macro.TokenizerTest" name="testSingleLineComment" time="0.0" />
  <testcase classname="com.macro.TokenizerTest" name="testMultiLineComment" time="0.0" />
  <testcase classname="com.macro.TokenizerTest" name="testDifferentChars" time="0.0" />
  <testcase classname="com.macro.TokenizerTest" name="testBasicCheck" time="0.001" />
  <testcase classname="com.macro.TokenizerTest" name="testString" time="0.0" />
  <testcase classname="com.macro.TokenizerTest" name="testDigits" time="0.0" />
  <system-out><![CDATA[]]></system-out>
  <system-err><![CDATA[]]></system-err>
</testsuite>
